Determining if the pthread_create exist failed with the following output:
Change Dir: /home/kustu/catkin_ws/build/leap_motion_controller/CMakeFiles/CMakeTmp

Run Build Command:"/usr/bin/make" "cmTC_24556/fast"
/usr/bin/make -f CMakeFiles/cmTC_24556.dir/build.make CMakeFiles/cmTC_24556.dir/build
make[1]: Entering directory '/home/kustu/catkin_ws/build/leap_motion_controller/CMakeFiles/CMakeTmp'
Building C object CMakeFiles/cmTC_24556.dir/CheckSymbolExists.c.o
/usr/bin/cc    -o CMakeFiles/cmTC_24556.dir/CheckSymbolExists.c.o   -c /home/kustu/catkin_ws/build/leap_motion_controller/CMakeFiles/CMakeTmp/CheckSymbolExists.c
Linking C executable cmTC_24556
/usr/bin/cmake -E cmake_link_script CMakeFiles/cmTC_24556.dir/link.txt --verbose=1
/usr/bin/cc      -rdynamic CMakeFiles/cmTC_24556.dir/CheckSymbolExists.c.o  -o cmTC_24556 
CMakeFiles/cmTC_24556.dir/CheckSymbolExists.c.o: In function `main':
CheckSymbolExists.c:(.text+0x1b): undefined reference to `pthread_create'
collect2: error: ld returned 1 exit status
CMakeFiles/cmTC_24556.dir/build.make:97: recipe for target 'cmTC_24556' failed
make[1]: *** [cmTC_24556] Error 1
make[1]: Leaving directory '/home/kustu/catkin_ws/build/leap_motion_controller/CMakeFiles/CMakeTmp'
Makefile:126: recipe for target 'cmTC_24556/fast' failed
make: *** [cmTC_24556/fast] Error 2

File /home/kustu/catkin_ws/build/leap_motion_controller/CMakeFiles/CMakeTmp/CheckSymbolExists.c:
/* */
#include <pthread.h>

int main(int argc, char** argv)
{
  (void)argv;
#ifndef pthread_create
  return ((int*)(&pthread_create))[argc];
#else
  (void)argc;
  return 0;
#endif
}

Determining if the function pthread_create exists in the pthreads failed with the following output:
Change Dir: /home/kustu/catkin_ws/build/leap_motion_controller/CMakeFiles/CMakeTmp

Run Build Command:"/usr/bin/make" "cmTC_5683e/fast"
/usr/bin/make -f CMakeFiles/cmTC_5683e.dir/build.make CMakeFiles/cmTC_5683e.dir/build
make[1]: Entering directory '/home/kustu/catkin_ws/build/leap_motion_controller/CMakeFiles/CMakeTmp'
Building C object CMakeFiles/cmTC_5683e.dir/CheckFunctionExists.c.o
/usr/bin/cc   -DCHECK_FUNCTION_EXISTS=pthread_create   -o CMakeFiles/cmTC_5683e.dir/CheckFunctionExists.c.o   -c /usr/share/cmake-3.10/Modules/CheckFunctionExists.c
Linking C executable cmTC_5683e
/usr/bin/cmake -E cmake_link_script CMakeFiles/cmTC_5683e.dir/link.txt --verbose=1
/usr/bin/cc  -DCHECK_FUNCTION_EXISTS=pthread_create    -rdynamic CMakeFiles/cmTC_5683e.dir/CheckFunctionExists.c.o  -o cmTC_5683e -lpthreads 
/usr/bin/ld: cannot find -lpthreads
collect2: error: ld returned 1 exit status
CMakeFiles/cmTC_5683e.dir/build.make:97: recipe for target 'cmTC_5683e' failed
make[1]: *** [cmTC_5683e] Error 1
make[1]: Leaving directory '/home/kustu/catkin_ws/build/leap_motion_controller/CMakeFiles/CMakeTmp'
Makefile:126: recipe for target 'cmTC_5683e/fast' failed
make: *** [cmTC_5683e/fast] Error 2


