Determining if the pthread_create exist failed with the following output:
Change Dir: /home/kustu/catkin_ws/build/robotont_driver/CMakeFiles/CMakeTmp

Run Build Command:"/usr/bin/make" "cmTC_0f7d5/fast"
/usr/bin/make -f CMakeFiles/cmTC_0f7d5.dir/build.make CMakeFiles/cmTC_0f7d5.dir/build
make[1]: Entering directory '/home/kustu/catkin_ws/build/robotont_driver/CMakeFiles/CMakeTmp'
Building C object CMakeFiles/cmTC_0f7d5.dir/CheckSymbolExists.c.o
/usr/bin/cc    -o CMakeFiles/cmTC_0f7d5.dir/CheckSymbolExists.c.o   -c /home/kustu/catkin_ws/build/robotont_driver/CMakeFiles/CMakeTmp/CheckSymbolExists.c
Linking C executable cmTC_0f7d5
/usr/bin/cmake -E cmake_link_script CMakeFiles/cmTC_0f7d5.dir/link.txt --verbose=1
/usr/bin/cc      -rdynamic CMakeFiles/cmTC_0f7d5.dir/CheckSymbolExists.c.o  -o cmTC_0f7d5 
CMakeFiles/cmTC_0f7d5.dir/CheckSymbolExists.c.o: In function `main':
CheckSymbolExists.c:(.text+0x1b): undefined reference to `pthread_create'
collect2: error: ld returned 1 exit status
CMakeFiles/cmTC_0f7d5.dir/build.make:97: recipe for target 'cmTC_0f7d5' failed
make[1]: *** [cmTC_0f7d5] Error 1
make[1]: Leaving directory '/home/kustu/catkin_ws/build/robotont_driver/CMakeFiles/CMakeTmp'
Makefile:126: recipe for target 'cmTC_0f7d5/fast' failed
make: *** [cmTC_0f7d5/fast] Error 2

File /home/kustu/catkin_ws/build/robotont_driver/CMakeFiles/CMakeTmp/CheckSymbolExists.c:
/* */
#include <pthread.h>

int main(int argc, char** argv)
{
  (void)argv;
#ifndef pthread_create
  return ((int*)(&pthread_create))[argc];
#else
  (void)argc;
  return 0;
#endif
}

Determining if the function pthread_create exists in the pthreads failed with the following output:
Change Dir: /home/kustu/catkin_ws/build/robotont_driver/CMakeFiles/CMakeTmp

Run Build Command:"/usr/bin/make" "cmTC_97c6f/fast"
/usr/bin/make -f CMakeFiles/cmTC_97c6f.dir/build.make CMakeFiles/cmTC_97c6f.dir/build
make[1]: Entering directory '/home/kustu/catkin_ws/build/robotont_driver/CMakeFiles/CMakeTmp'
Building C object CMakeFiles/cmTC_97c6f.dir/CheckFunctionExists.c.o
/usr/bin/cc   -DCHECK_FUNCTION_EXISTS=pthread_create   -o CMakeFiles/cmTC_97c6f.dir/CheckFunctionExists.c.o   -c /usr/share/cmake-3.10/Modules/CheckFunctionExists.c
Linking C executable cmTC_97c6f
/usr/bin/cmake -E cmake_link_script CMakeFiles/cmTC_97c6f.dir/link.txt --verbose=1
/usr/bin/cc  -DCHECK_FUNCTION_EXISTS=pthread_create    -rdynamic CMakeFiles/cmTC_97c6f.dir/CheckFunctionExists.c.o  -o cmTC_97c6f -lpthreads 
/usr/bin/ld: cannot find -lpthreads
collect2: error: ld returned 1 exit status
CMakeFiles/cmTC_97c6f.dir/build.make:97: recipe for target 'cmTC_97c6f' failed
make[1]: *** [cmTC_97c6f] Error 1
make[1]: Leaving directory '/home/kustu/catkin_ws/build/robotont_driver/CMakeFiles/CMakeTmp'
Makefile:126: recipe for target 'cmTC_97c6f/fast' failed
make: *** [cmTC_97c6f/fast] Error 2


