[35m[1mScanning dependencies of target geometry_msgs_generate_messages_cpp[0m
[35m[1mScanning dependencies of target std_msgs_generate_messages_cpp[0m
[35m[1mScanning dependencies of target _leap_motion_controller_generate_messages_check_deps_Set[0m
[35m[1mScanning dependencies of target _leap_motion_controller_generate_messages_check_deps_Finger[0m
[  0%] Built target std_msgs_generate_messages_cpp
[  0%] Built target geometry_msgs_generate_messages_cpp
[35m[1mScanning dependencies of target std_msgs_generate_messages_eus[0m
[35m[1mScanning dependencies of target _leap_motion_controller_generate_messages_check_deps_Hand[0m
[  0%] Built target _leap_motion_controller_generate_messages_check_deps_Finger
[  0%] Built target std_msgs_generate_messages_eus
[  0%] Built target _leap_motion_controller_generate_messages_check_deps_Set
[35m[1mScanning dependencies of target geometry_msgs_generate_messages_eus[0m
[35m[1mScanning dependencies of target geometry_msgs_generate_messages_nodejs[0m
[35m[1mScanning dependencies of target std_msgs_generate_messages_nodejs[0m
[  0%] Built target geometry_msgs_generate_messages_nodejs
[  0%] Built target std_msgs_generate_messages_nodejs
[  0%] Built target geometry_msgs_generate_messages_eus
[  0%] Built target _leap_motion_controller_generate_messages_check_deps_Hand
[35m[1mScanning dependencies of target std_msgs_generate_messages_lisp[0m
[35m[1mScanning dependencies of target geometry_msgs_generate_messages_lisp[0m
[35m[1mScanning dependencies of target std_msgs_generate_messages_py[0m
[35m[1mScanning dependencies of target geometry_msgs_generate_messages_py[0m
[  0%] Built target geometry_msgs_generate_messages_lisp
[  0%] Built target std_msgs_generate_messages_lisp
[  0%] Built target geometry_msgs_generate_messages_py
[  0%] Built target std_msgs_generate_messages_py
[35m[1mScanning dependencies of target leap_motion_controller_generate_messages_cpp[0m
[35m[1mScanning dependencies of target leap_motion_controller_generate_messages_eus[0m
[35m[1mScanning dependencies of target leap_motion_controller_generate_messages_nodejs[0m
[35m[1mScanning dependencies of target leap_motion_controller_generate_messages_lisp[0m
[  5%] [34m[1mGenerating C++ code from leap_motion_controller/Finger.msg[0m
[ 10%] [34m[1mGenerating EusLisp code from leap_motion_controller/Finger.msg[0m
[ 15%] [34m[1mGenerating Javascript code from leap_motion_controller/Finger.msg[0m
[ 21%] [34m[1mGenerating Lisp code from leap_motion_controller/Finger.msg[0m
[ 26%] [34m[1mGenerating Javascript code from leap_motion_controller/Hand.msg[0m
[ 31%] [34m[1mGenerating Lisp code from leap_motion_controller/Hand.msg[0m
[ 36%] [34m[1mGenerating EusLisp code from leap_motion_controller/Hand.msg[0m
[ 42%] [34m[1mGenerating Javascript code from leap_motion_controller/Set.msg[0m
[ 47%] [34m[1mGenerating Lisp code from leap_motion_controller/Set.msg[0m
[ 47%] Built target leap_motion_controller_generate_messages_nodejs
[ 52%] [34m[1mGenerating EusLisp code from leap_motion_controller/Set.msg[0m
[ 57%] [34m[1mGenerating C++ code from leap_motion_controller/Hand.msg[0m
[ 57%] Built target leap_motion_controller_generate_messages_lisp
[ 63%] [34m[1mGenerating EusLisp manifest code for leap_motion_controller[0m
[ 68%] [34m[1mGenerating C++ code from leap_motion_controller/Set.msg[0m
[35m[1mScanning dependencies of target leap_motion_controller_generate_messages_py[0m
[ 73%] [34m[1mGenerating Python from MSG leap_motion_controller/Finger[0m
[ 78%] [34m[1mGenerating Python from MSG leap_motion_controller/Hand[0m
[ 78%] Built target leap_motion_controller_generate_messages_cpp
[ 84%] [34m[1mGenerating Python from MSG leap_motion_controller/Set[0m
[35m[1mScanning dependencies of target leap_motion_controller_gencpp[0m
[ 84%] Built target leap_motion_controller_gencpp
[35m[1mScanning dependencies of target leap_motion[0m
make[2]: *** No rule to make target '/lib/x64/libLeap.so', needed by '/home/kustu/catkin_ws/devel/.private/leap_motion_controller/lib/leap_motion_controller/leap_motion'.  Stop.
make[2]: *** Waiting for unfinished jobs....
[ 89%] [32mBuilding CXX object CMakeFiles/leap_motion.dir/src/leap_motion.cpp.o[0m
[01m[K/home/kustu/catkin_ws/src/leap_motion_controller/src/leap_motion.cpp:29:10:[m[K [01;31m[Kfatal error: [m[KLeap.h: No such file or directory
 #include [01;31m[K"Leap.h"[m[K // comes from Leap Motion SDK
          [01;31m[K^~~~~~~~[m[K
compilation terminated.
CMakeFiles/leap_motion.dir/build.make:62: recipe for target 'CMakeFiles/leap_motion.dir/src/leap_motion.cpp.o' failed
make[2]: *** [CMakeFiles/leap_motion.dir/src/leap_motion.cpp.o] Error 1
make[1]: *** [CMakeFiles/leap_motion.dir/all] Error 2
make[1]: *** Waiting for unfinished jobs....
CMakeFiles/Makefile2:163: recipe for target 'CMakeFiles/leap_motion.dir/all' failed
[ 94%] [34m[1mGenerating Python msg __init__.py for leap_motion_controller[0m
[ 94%] Built target leap_motion_controller_generate_messages_py
[ 94%] Built target leap_motion_controller_generate_messages_eus
Makefile:140: recipe for target 'all' failed
make: *** [all] Error 2
