Determining if the pthread_create exist failed with the following output:
Change Dir: /home/kustu/catkin_ws/build/leap_motion_demo/CMakeFiles/CMakeTmp

Run Build Command:"/usr/bin/make" "cmTC_91215/fast"
/usr/bin/make -f CMakeFiles/cmTC_91215.dir/build.make CMakeFiles/cmTC_91215.dir/build
make[1]: Entering directory '/home/kustu/catkin_ws/build/leap_motion_demo/CMakeFiles/CMakeTmp'
Building C object CMakeFiles/cmTC_91215.dir/CheckSymbolExists.c.o
/usr/bin/cc    -o CMakeFiles/cmTC_91215.dir/CheckSymbolExists.c.o   -c /home/kustu/catkin_ws/build/leap_motion_demo/CMakeFiles/CMakeTmp/CheckSymbolExists.c
Linking C executable cmTC_91215
/usr/bin/cmake -E cmake_link_script CMakeFiles/cmTC_91215.dir/link.txt --verbose=1
/usr/bin/cc      -rdynamic CMakeFiles/cmTC_91215.dir/CheckSymbolExists.c.o  -o cmTC_91215 
CMakeFiles/cmTC_91215.dir/CheckSymbolExists.c.o: In function `main':
CheckSymbolExists.c:(.text+0x1b): undefined reference to `pthread_create'
collect2: error: ld returned 1 exit status
CMakeFiles/cmTC_91215.dir/build.make:97: recipe for target 'cmTC_91215' failed
make[1]: *** [cmTC_91215] Error 1
make[1]: Leaving directory '/home/kustu/catkin_ws/build/leap_motion_demo/CMakeFiles/CMakeTmp'
Makefile:126: recipe for target 'cmTC_91215/fast' failed
make: *** [cmTC_91215/fast] Error 2

File /home/kustu/catkin_ws/build/leap_motion_demo/CMakeFiles/CMakeTmp/CheckSymbolExists.c:
/* */
#include <pthread.h>

int main(int argc, char** argv)
{
  (void)argv;
#ifndef pthread_create
  return ((int*)(&pthread_create))[argc];
#else
  (void)argc;
  return 0;
#endif
}

Determining if the function pthread_create exists in the pthreads failed with the following output:
Change Dir: /home/kustu/catkin_ws/build/leap_motion_demo/CMakeFiles/CMakeTmp

Run Build Command:"/usr/bin/make" "cmTC_3aaed/fast"
/usr/bin/make -f CMakeFiles/cmTC_3aaed.dir/build.make CMakeFiles/cmTC_3aaed.dir/build
make[1]: Entering directory '/home/kustu/catkin_ws/build/leap_motion_demo/CMakeFiles/CMakeTmp'
Building C object CMakeFiles/cmTC_3aaed.dir/CheckFunctionExists.c.o
/usr/bin/cc   -DCHECK_FUNCTION_EXISTS=pthread_create   -o CMakeFiles/cmTC_3aaed.dir/CheckFunctionExists.c.o   -c /usr/share/cmake-3.10/Modules/CheckFunctionExists.c
Linking C executable cmTC_3aaed
/usr/bin/cmake -E cmake_link_script CMakeFiles/cmTC_3aaed.dir/link.txt --verbose=1
/usr/bin/cc  -DCHECK_FUNCTION_EXISTS=pthread_create    -rdynamic CMakeFiles/cmTC_3aaed.dir/CheckFunctionExists.c.o  -o cmTC_3aaed -lpthreads 
/usr/bin/ld: cannot find -lpthreads
collect2: error: ld returned 1 exit status
CMakeFiles/cmTC_3aaed.dir/build.make:97: recipe for target 'cmTC_3aaed' failed
make[1]: *** [cmTC_3aaed] Error 1
make[1]: Leaving directory '/home/kustu/catkin_ws/build/leap_motion_demo/CMakeFiles/CMakeTmp'
Makefile:126: recipe for target 'cmTC_3aaed/fast' failed
make: *** [cmTC_3aaed/fast] Error 2


