Determining if the pthread_create exist failed with the following output:
Change Dir: /home/kustu/catkin_ws/build/catkin_tools_prebuild/CMakeFiles/CMakeTmp

Run Build Command:"/usr/bin/make" "cmTC_93fd6/fast"
/usr/bin/make -f CMakeFiles/cmTC_93fd6.dir/build.make CMakeFiles/cmTC_93fd6.dir/build
make[1]: Entering directory '/home/kustu/catkin_ws/build/catkin_tools_prebuild/CMakeFiles/CMakeTmp'
Building C object CMakeFiles/cmTC_93fd6.dir/CheckSymbolExists.c.o
/usr/bin/cc    -o CMakeFiles/cmTC_93fd6.dir/CheckSymbolExists.c.o   -c /home/kustu/catkin_ws/build/catkin_tools_prebuild/CMakeFiles/CMakeTmp/CheckSymbolExists.c
Linking C executable cmTC_93fd6
/usr/bin/cmake -E cmake_link_script CMakeFiles/cmTC_93fd6.dir/link.txt --verbose=1
/usr/bin/cc      -rdynamic CMakeFiles/cmTC_93fd6.dir/CheckSymbolExists.c.o  -o cmTC_93fd6 
CMakeFiles/cmTC_93fd6.dir/CheckSymbolExists.c.o: In function `main':
CheckSymbolExists.c:(.text+0x1b): undefined reference to `pthread_create'
collect2: error: ld returned 1 exit status
CMakeFiles/cmTC_93fd6.dir/build.make:97: recipe for target 'cmTC_93fd6' failed
make[1]: *** [cmTC_93fd6] Error 1
make[1]: Leaving directory '/home/kustu/catkin_ws/build/catkin_tools_prebuild/CMakeFiles/CMakeTmp'
Makefile:126: recipe for target 'cmTC_93fd6/fast' failed
make: *** [cmTC_93fd6/fast] Error 2

File /home/kustu/catkin_ws/build/catkin_tools_prebuild/CMakeFiles/CMakeTmp/CheckSymbolExists.c:
/* */
#include <pthread.h>

int main(int argc, char** argv)
{
  (void)argv;
#ifndef pthread_create
  return ((int*)(&pthread_create))[argc];
#else
  (void)argc;
  return 0;
#endif
}

Determining if the function pthread_create exists in the pthreads failed with the following output:
Change Dir: /home/kustu/catkin_ws/build/catkin_tools_prebuild/CMakeFiles/CMakeTmp

Run Build Command:"/usr/bin/make" "cmTC_fa2af/fast"
/usr/bin/make -f CMakeFiles/cmTC_fa2af.dir/build.make CMakeFiles/cmTC_fa2af.dir/build
make[1]: Entering directory '/home/kustu/catkin_ws/build/catkin_tools_prebuild/CMakeFiles/CMakeTmp'
Building C object CMakeFiles/cmTC_fa2af.dir/CheckFunctionExists.c.o
/usr/bin/cc   -DCHECK_FUNCTION_EXISTS=pthread_create   -o CMakeFiles/cmTC_fa2af.dir/CheckFunctionExists.c.o   -c /usr/share/cmake-3.10/Modules/CheckFunctionExists.c
Linking C executable cmTC_fa2af
/usr/bin/cmake -E cmake_link_script CMakeFiles/cmTC_fa2af.dir/link.txt --verbose=1
/usr/bin/cc  -DCHECK_FUNCTION_EXISTS=pthread_create    -rdynamic CMakeFiles/cmTC_fa2af.dir/CheckFunctionExists.c.o  -o cmTC_fa2af -lpthreads 
/usr/bin/ld: cannot find -lpthreads
collect2: error: ld returned 1 exit status
CMakeFiles/cmTC_fa2af.dir/build.make:97: recipe for target 'cmTC_fa2af' failed
make[1]: *** [cmTC_fa2af] Error 1
make[1]: Leaving directory '/home/kustu/catkin_ws/build/catkin_tools_prebuild/CMakeFiles/CMakeTmp'
Makefile:126: recipe for target 'cmTC_fa2af/fast' failed
make: *** [cmTC_fa2af/fast] Error 2


