Linked: (/home/kustu/catkin_ws/devel/.private/leap_motion/share/gennodejs/ros/leap_motion/_index.js, /home/kustu/catkin_ws/devel/share/gennodejs/ros/leap_motion/_index.js)
Linked: (/home/kustu/catkin_ws/devel/.private/leap_motion/share/gennodejs/ros/leap_motion/msg/Bone.js, /home/kustu/catkin_ws/devel/share/gennodejs/ros/leap_motion/msg/Bone.js)
Linked: (/home/kustu/catkin_ws/devel/.private/leap_motion/share/gennodejs/ros/leap_motion/msg/Arm.js, /home/kustu/catkin_ws/devel/share/gennodejs/ros/leap_motion/msg/Arm.js)
Linked: (/home/kustu/catkin_ws/devel/.private/leap_motion/share/gennodejs/ros/leap_motion/msg/leap.js, /home/kustu/catkin_ws/devel/share/gennodejs/ros/leap_motion/msg/leap.js)
Linked: (/home/kustu/catkin_ws/devel/.private/leap_motion/share/gennodejs/ros/leap_motion/msg/leapros.js, /home/kustu/catkin_ws/devel/share/gennodejs/ros/leap_motion/msg/leapros.js)
Linked: (/home/kustu/catkin_ws/devel/.private/leap_motion/share/gennodejs/ros/leap_motion/msg/_index.js, /home/kustu/catkin_ws/devel/share/gennodejs/ros/leap_motion/msg/_index.js)
Linked: (/home/kustu/catkin_ws/devel/.private/leap_motion/share/gennodejs/ros/leap_motion/msg/Gesture.js, /home/kustu/catkin_ws/devel/share/gennodejs/ros/leap_motion/msg/Gesture.js)
Linked: (/home/kustu/catkin_ws/devel/.private/leap_motion/share/gennodejs/ros/leap_motion/msg/Finger.js, /home/kustu/catkin_ws/devel/share/gennodejs/ros/leap_motion/msg/Finger.js)
Linked: (/home/kustu/catkin_ws/devel/.private/leap_motion/share/gennodejs/ros/leap_motion/msg/Hand.js, /home/kustu/catkin_ws/devel/share/gennodejs/ros/leap_motion/msg/Hand.js)
Linked: (/home/kustu/catkin_ws/devel/.private/leap_motion/share/gennodejs/ros/leap_motion/msg/Human.js, /home/kustu/catkin_ws/devel/share/gennodejs/ros/leap_motion/msg/Human.js)
Linked: (/home/kustu/catkin_ws/devel/.private/leap_motion/share/roseus/ros/leap_motion/manifest.l, /home/kustu/catkin_ws/devel/share/roseus/ros/leap_motion/manifest.l)
Linked: (/home/kustu/catkin_ws/devel/.private/leap_motion/share/roseus/ros/leap_motion/msg/leapros.l, /home/kustu/catkin_ws/devel/share/roseus/ros/leap_motion/msg/leapros.l)
Linked: (/home/kustu/catkin_ws/devel/.private/leap_motion/share/roseus/ros/leap_motion/msg/Gesture.l, /home/kustu/catkin_ws/devel/share/roseus/ros/leap_motion/msg/Gesture.l)
Linked: (/home/kustu/catkin_ws/devel/.private/leap_motion/share/roseus/ros/leap_motion/msg/Bone.l, /home/kustu/catkin_ws/devel/share/roseus/ros/leap_motion/msg/Bone.l)
Linked: (/home/kustu/catkin_ws/devel/.private/leap_motion/share/roseus/ros/leap_motion/msg/Finger.l, /home/kustu/catkin_ws/devel/share/roseus/ros/leap_motion/msg/Finger.l)
Linked: (/home/kustu/catkin_ws/devel/.private/leap_motion/share/roseus/ros/leap_motion/msg/leap.l, /home/kustu/catkin_ws/devel/share/roseus/ros/leap_motion/msg/leap.l)
Linked: (/home/kustu/catkin_ws/devel/.private/leap_motion/share/roseus/ros/leap_motion/msg/Hand.l, /home/kustu/catkin_ws/devel/share/roseus/ros/leap_motion/msg/Hand.l)
Linked: (/home/kustu/catkin_ws/devel/.private/leap_motion/share/roseus/ros/leap_motion/msg/Arm.l, /home/kustu/catkin_ws/devel/share/roseus/ros/leap_motion/msg/Arm.l)
Linked: (/home/kustu/catkin_ws/devel/.private/leap_motion/share/roseus/ros/leap_motion/msg/Human.l, /home/kustu/catkin_ws/devel/share/roseus/ros/leap_motion/msg/Human.l)
Linked: (/home/kustu/catkin_ws/devel/.private/leap_motion/share/common-lisp/ros/leap_motion/msg/_package_Bone.lisp, /home/kustu/catkin_ws/devel/share/common-lisp/ros/leap_motion/msg/_package_Bone.lisp)
Linked: (/home/kustu/catkin_ws/devel/.private/leap_motion/share/common-lisp/ros/leap_motion/msg/_package_Gesture.lisp, /home/kustu/catkin_ws/devel/share/common-lisp/ros/leap_motion/msg/_package_Gesture.lisp)
Linked: (/home/kustu/catkin_ws/devel/.private/leap_motion/share/common-lisp/ros/leap_motion/msg/Arm.lisp, /home/kustu/catkin_ws/devel/share/common-lisp/ros/leap_motion/msg/Arm.lisp)
Linked: (/home/kustu/catkin_ws/devel/.private/leap_motion/share/common-lisp/ros/leap_motion/msg/leap_motion-msg.asd, /home/kustu/catkin_ws/devel/share/common-lisp/ros/leap_motion/msg/leap_motion-msg.asd)
Linked: (/home/kustu/catkin_ws/devel/.private/leap_motion/share/common-lisp/ros/leap_motion/msg/Bone.lisp, /home/kustu/catkin_ws/devel/share/common-lisp/ros/leap_motion/msg/Bone.lisp)
Linked: (/home/kustu/catkin_ws/devel/.private/leap_motion/share/common-lisp/ros/leap_motion/msg/_package_Arm.lisp, /home/kustu/catkin_ws/devel/share/common-lisp/ros/leap_motion/msg/_package_Arm.lisp)
Linked: (/home/kustu/catkin_ws/devel/.private/leap_motion/share/common-lisp/ros/leap_motion/msg/_package_Hand.lisp, /home/kustu/catkin_ws/devel/share/common-lisp/ros/leap_motion/msg/_package_Hand.lisp)
Linked: (/home/kustu/catkin_ws/devel/.private/leap_motion/share/common-lisp/ros/leap_motion/msg/Human.lisp, /home/kustu/catkin_ws/devel/share/common-lisp/ros/leap_motion/msg/Human.lisp)
Linked: (/home/kustu/catkin_ws/devel/.private/leap_motion/share/common-lisp/ros/leap_motion/msg/Finger.lisp, /home/kustu/catkin_ws/devel/share/common-lisp/ros/leap_motion/msg/Finger.lisp)
Linked: (/home/kustu/catkin_ws/devel/.private/leap_motion/share/common-lisp/ros/leap_motion/msg/Hand.lisp, /home/kustu/catkin_ws/devel/share/common-lisp/ros/leap_motion/msg/Hand.lisp)
Linked: (/home/kustu/catkin_ws/devel/.private/leap_motion/share/common-lisp/ros/leap_motion/msg/Gesture.lisp, /home/kustu/catkin_ws/devel/share/common-lisp/ros/leap_motion/msg/Gesture.lisp)
Linked: (/home/kustu/catkin_ws/devel/.private/leap_motion/share/common-lisp/ros/leap_motion/msg/_package_leap.lisp, /home/kustu/catkin_ws/devel/share/common-lisp/ros/leap_motion/msg/_package_leap.lisp)
Linked: (/home/kustu/catkin_ws/devel/.private/leap_motion/share/common-lisp/ros/leap_motion/msg/_package_Human.lisp, /home/kustu/catkin_ws/devel/share/common-lisp/ros/leap_motion/msg/_package_Human.lisp)
Linked: (/home/kustu/catkin_ws/devel/.private/leap_motion/share/common-lisp/ros/leap_motion/msg/_package_Finger.lisp, /home/kustu/catkin_ws/devel/share/common-lisp/ros/leap_motion/msg/_package_Finger.lisp)
Linked: (/home/kustu/catkin_ws/devel/.private/leap_motion/share/common-lisp/ros/leap_motion/msg/leap.lisp, /home/kustu/catkin_ws/devel/share/common-lisp/ros/leap_motion/msg/leap.lisp)
Linked: (/home/kustu/catkin_ws/devel/.private/leap_motion/share/common-lisp/ros/leap_motion/msg/leapros.lisp, /home/kustu/catkin_ws/devel/share/common-lisp/ros/leap_motion/msg/leapros.lisp)
Linked: (/home/kustu/catkin_ws/devel/.private/leap_motion/share/common-lisp/ros/leap_motion/msg/_package_leapros.lisp, /home/kustu/catkin_ws/devel/share/common-lisp/ros/leap_motion/msg/_package_leapros.lisp)
Linked: (/home/kustu/catkin_ws/devel/.private/leap_motion/share/common-lisp/ros/leap_motion/msg/_package.lisp, /home/kustu/catkin_ws/devel/share/common-lisp/ros/leap_motion/msg/_package.lisp)
Linked: (/home/kustu/catkin_ws/devel/.private/leap_motion/share/leap_motion/cmake/leap_motionConfig-version.cmake, /home/kustu/catkin_ws/devel/share/leap_motion/cmake/leap_motionConfig-version.cmake)
Linked: (/home/kustu/catkin_ws/devel/.private/leap_motion/share/leap_motion/cmake/leap_motionConfig.cmake, /home/kustu/catkin_ws/devel/share/leap_motion/cmake/leap_motionConfig.cmake)
Linked: (/home/kustu/catkin_ws/devel/.private/leap_motion/share/leap_motion/cmake/leap_motion-msg-extras.cmake, /home/kustu/catkin_ws/devel/share/leap_motion/cmake/leap_motion-msg-extras.cmake)
Linked: (/home/kustu/catkin_ws/devel/.private/leap_motion/share/leap_motion/cmake/leap_motion-msg-paths.cmake, /home/kustu/catkin_ws/devel/share/leap_motion/cmake/leap_motion-msg-paths.cmake)
Linked: (/home/kustu/catkin_ws/devel/.private/leap_motion/lib/liblmc_listener.so, /home/kustu/catkin_ws/devel/lib/liblmc_listener.so)
Linked: (/home/kustu/catkin_ws/devel/.private/leap_motion/lib/python2.7/dist-packages/leap_motion/__init__.py, /home/kustu/catkin_ws/devel/lib/python2.7/dist-packages/leap_motion/__init__.py)
Linked: (/home/kustu/catkin_ws/devel/.private/leap_motion/lib/python2.7/dist-packages/leap_motion/msg/_Bone.py, /home/kustu/catkin_ws/devel/lib/python2.7/dist-packages/leap_motion/msg/_Bone.py)
Linked: (/home/kustu/catkin_ws/devel/.private/leap_motion/lib/python2.7/dist-packages/leap_motion/msg/_Hand.py, /home/kustu/catkin_ws/devel/lib/python2.7/dist-packages/leap_motion/msg/_Hand.py)
Linked: (/home/kustu/catkin_ws/devel/.private/leap_motion/lib/python2.7/dist-packages/leap_motion/msg/_Arm.py, /home/kustu/catkin_ws/devel/lib/python2.7/dist-packages/leap_motion/msg/_Arm.py)
Linked: (/home/kustu/catkin_ws/devel/.private/leap_motion/lib/python2.7/dist-packages/leap_motion/msg/_Gesture.py, /home/kustu/catkin_ws/devel/lib/python2.7/dist-packages/leap_motion/msg/_Gesture.py)
Linked: (/home/kustu/catkin_ws/devel/.private/leap_motion/lib/python2.7/dist-packages/leap_motion/msg/_Human.py, /home/kustu/catkin_ws/devel/lib/python2.7/dist-packages/leap_motion/msg/_Human.py)
Linked: (/home/kustu/catkin_ws/devel/.private/leap_motion/lib/python2.7/dist-packages/leap_motion/msg/_leapros.py, /home/kustu/catkin_ws/devel/lib/python2.7/dist-packages/leap_motion/msg/_leapros.py)
Linked: (/home/kustu/catkin_ws/devel/.private/leap_motion/lib/python2.7/dist-packages/leap_motion/msg/_Finger.py, /home/kustu/catkin_ws/devel/lib/python2.7/dist-packages/leap_motion/msg/_Finger.py)
Linked: (/home/kustu/catkin_ws/devel/.private/leap_motion/lib/python2.7/dist-packages/leap_motion/msg/_leap.py, /home/kustu/catkin_ws/devel/lib/python2.7/dist-packages/leap_motion/msg/_leap.py)
Linked: (/home/kustu/catkin_ws/devel/.private/leap_motion/lib/python2.7/dist-packages/leap_motion/msg/__init__.py, /home/kustu/catkin_ws/devel/lib/python2.7/dist-packages/leap_motion/msg/__init__.py)
Linked: (/home/kustu/catkin_ws/devel/.private/leap_motion/lib/pkgconfig/leap_motion.pc, /home/kustu/catkin_ws/devel/lib/pkgconfig/leap_motion.pc)
Linked: (/home/kustu/catkin_ws/devel/.private/leap_motion/lib/leap_motion/leap_hands, /home/kustu/catkin_ws/devel/lib/leap_motion/leap_hands)
Linked: (/home/kustu/catkin_ws/devel/.private/leap_motion/lib/leap_motion/leap_motion_driver_node, /home/kustu/catkin_ws/devel/lib/leap_motion/leap_motion_driver_node)
Linked: (/home/kustu/catkin_ws/devel/.private/leap_motion/lib/leap_motion/leap_camera, /home/kustu/catkin_ws/devel/lib/leap_motion/leap_camera)
Linked: (/home/kustu/catkin_ws/devel/.private/leap_motion/lib/leap_motion/leap_motion_filter_node, /home/kustu/catkin_ws/devel/lib/leap_motion/leap_motion_filter_node)
Linked: (/home/kustu/catkin_ws/devel/.private/leap_motion/lib/leap_motion/leap_motion_visualizer_node, /home/kustu/catkin_ws/devel/lib/leap_motion/leap_motion_visualizer_node)
Linked: (/home/kustu/catkin_ws/devel/.private/leap_motion/lib/leap_motion/leap_motion_camera_node, /home/kustu/catkin_ws/devel/lib/leap_motion/leap_motion_camera_node)
Linked: (/home/kustu/catkin_ws/devel/.private/leap_motion/include/leap_motion/leap.h, /home/kustu/catkin_ws/devel/include/leap_motion/leap.h)
Linked: (/home/kustu/catkin_ws/devel/.private/leap_motion/include/leap_motion/leapros.h, /home/kustu/catkin_ws/devel/include/leap_motion/leapros.h)
Linked: (/home/kustu/catkin_ws/devel/.private/leap_motion/include/leap_motion/Finger.h, /home/kustu/catkin_ws/devel/include/leap_motion/Finger.h)
Linked: (/home/kustu/catkin_ws/devel/.private/leap_motion/include/leap_motion/Hand.h, /home/kustu/catkin_ws/devel/include/leap_motion/Hand.h)
Linked: (/home/kustu/catkin_ws/devel/.private/leap_motion/include/leap_motion/Human.h, /home/kustu/catkin_ws/devel/include/leap_motion/Human.h)
Linked: (/home/kustu/catkin_ws/devel/.private/leap_motion/include/leap_motion/Gesture.h, /home/kustu/catkin_ws/devel/include/leap_motion/Gesture.h)
Linked: (/home/kustu/catkin_ws/devel/.private/leap_motion/include/leap_motion/Bone.h, /home/kustu/catkin_ws/devel/include/leap_motion/Bone.h)
Linked: (/home/kustu/catkin_ws/devel/.private/leap_motion/include/leap_motion/Arm.h, /home/kustu/catkin_ws/devel/include/leap_motion/Arm.h)
