[  3%] Built target leap_camera
[  7%] Built target leap_hands
[  7%] Built target _leap_motion_generate_messages_check_deps_Finger
[  7%] Built target _leap_motion_generate_messages_check_deps_leapros
[  7%] Built target _leap_motion_generate_messages_check_deps_leap
[  7%] Built target _leap_motion_generate_messages_check_deps_Human
[  7%] Built target _leap_motion_generate_messages_check_deps_Bone
[  7%] Built target _leap_motion_generate_messages_check_deps_Arm
[  7%] Built target geometry_msgs_generate_messages_cpp
[  7%] Built target std_msgs_generate_messages_cpp
[  7%] Built target _leap_motion_generate_messages_check_deps_Gesture
[ 10%] Built target leap_motion_camera_node
[ 10%] Built target _leap_motion_generate_messages_check_deps_Hand
[ 10%] Built target geometry_msgs_generate_messages_py
[ 10%] Built target std_msgs_generate_messages_py
[ 10%] Built target std_msgs_generate_messages_lisp
[ 10%] Built target geometry_msgs_generate_messages_lisp
[ 10%] Built target geometry_msgs_generate_messages_nodejs
[ 10%] Built target std_msgs_generate_messages_eus
[ 10%] Built target std_msgs_generate_messages_nodejs
[ 10%] Built target geometry_msgs_generate_messages_eus
[ 10%] Built target visualization_msgs_generate_messages_py
[ 10%] Built target sensor_msgs_generate_messages_eus
[ 10%] Built target sensor_msgs_generate_messages_cpp
[ 10%] Built target sensor_msgs_generate_messages_py
[ 10%] Built target sensor_msgs_generate_messages_nodejs
[ 10%] Built target roscpp_generate_messages_cpp
[ 10%] Built target roscpp_generate_messages_py
[ 10%] Built target visualization_msgs_generate_messages_nodejs
[ 10%] Built target visualization_msgs_generate_messages_lisp
[ 10%] Built target sensor_msgs_generate_messages_lisp
[ 10%] Built target roscpp_generate_messages_lisp
[ 10%] Built target rosgraph_msgs_generate_messages_py
[ 10%] Built target rosgraph_msgs_generate_messages_nodejs
[ 10%] Built target roscpp_generate_messages_nodejs
[ 10%] Built target rosgraph_msgs_generate_messages_cpp
[ 10%] Built target roscpp_generate_messages_eus
[ 10%] Built target rosgraph_msgs_generate_messages_eus
[ 10%] Built target rosgraph_msgs_generate_messages_lisp
[ 10%] Built target visualization_msgs_generate_messages_cpp
[ 10%] Built target visualization_msgs_generate_messages_eus
[ 25%] Built target leap_motion_generate_messages_cpp
[ 39%] Built target leap_motion_generate_messages_nodejs
[ 55%] Built target leap_motion_generate_messages_py
[ 69%] Built target leap_motion_generate_messages_lisp
[ 85%] Built target leap_motion_generate_messages_eus
[ 85%] Built target leap_motion_gencpp
[ 85%] Built target leap_motion_generate_messages
[ 89%] Built target leap_motion_filter_node
[ 92%] Built target lmc_listener
[ 96%] Built target leap_motion_visualizer_node
[100%] Built target leap_motion_driver_node
