Determining if the pthread_create exist failed with the following output:
Change Dir: /home/kustu/catkin_ws/build/robotont_description/CMakeFiles/CMakeTmp

Run Build Command:"/usr/bin/make" "cmTC_0d78e/fast"
/usr/bin/make -f CMakeFiles/cmTC_0d78e.dir/build.make CMakeFiles/cmTC_0d78e.dir/build
make[1]: Entering directory '/home/kustu/catkin_ws/build/robotont_description/CMakeFiles/CMakeTmp'
Building C object CMakeFiles/cmTC_0d78e.dir/CheckSymbolExists.c.o
/usr/bin/cc    -o CMakeFiles/cmTC_0d78e.dir/CheckSymbolExists.c.o   -c /home/kustu/catkin_ws/build/robotont_description/CMakeFiles/CMakeTmp/CheckSymbolExists.c
Linking C executable cmTC_0d78e
/usr/bin/cmake -E cmake_link_script CMakeFiles/cmTC_0d78e.dir/link.txt --verbose=1
/usr/bin/cc      -rdynamic CMakeFiles/cmTC_0d78e.dir/CheckSymbolExists.c.o  -o cmTC_0d78e 
CMakeFiles/cmTC_0d78e.dir/CheckSymbolExists.c.o: In function `main':
CheckSymbolExists.c:(.text+0x1b): undefined reference to `pthread_create'
collect2: error: ld returned 1 exit status
CMakeFiles/cmTC_0d78e.dir/build.make:97: recipe for target 'cmTC_0d78e' failed
make[1]: *** [cmTC_0d78e] Error 1
make[1]: Leaving directory '/home/kustu/catkin_ws/build/robotont_description/CMakeFiles/CMakeTmp'
Makefile:126: recipe for target 'cmTC_0d78e/fast' failed
make: *** [cmTC_0d78e/fast] Error 2

File /home/kustu/catkin_ws/build/robotont_description/CMakeFiles/CMakeTmp/CheckSymbolExists.c:
/* */
#include <pthread.h>

int main(int argc, char** argv)
{
  (void)argv;
#ifndef pthread_create
  return ((int*)(&pthread_create))[argc];
#else
  (void)argc;
  return 0;
#endif
}

Determining if the function pthread_create exists in the pthreads failed with the following output:
Change Dir: /home/kustu/catkin_ws/build/robotont_description/CMakeFiles/CMakeTmp

Run Build Command:"/usr/bin/make" "cmTC_401cf/fast"
/usr/bin/make -f CMakeFiles/cmTC_401cf.dir/build.make CMakeFiles/cmTC_401cf.dir/build
make[1]: Entering directory '/home/kustu/catkin_ws/build/robotont_description/CMakeFiles/CMakeTmp'
Building C object CMakeFiles/cmTC_401cf.dir/CheckFunctionExists.c.o
/usr/bin/cc   -DCHECK_FUNCTION_EXISTS=pthread_create   -o CMakeFiles/cmTC_401cf.dir/CheckFunctionExists.c.o   -c /usr/share/cmake-3.10/Modules/CheckFunctionExists.c
Linking C executable cmTC_401cf
/usr/bin/cmake -E cmake_link_script CMakeFiles/cmTC_401cf.dir/link.txt --verbose=1
/usr/bin/cc  -DCHECK_FUNCTION_EXISTS=pthread_create    -rdynamic CMakeFiles/cmTC_401cf.dir/CheckFunctionExists.c.o  -o cmTC_401cf -lpthreads 
/usr/bin/ld: cannot find -lpthreads
collect2: error: ld returned 1 exit status
CMakeFiles/cmTC_401cf.dir/build.make:97: recipe for target 'cmTC_401cf' failed
make[1]: *** [cmTC_401cf] Error 1
make[1]: Leaving directory '/home/kustu/catkin_ws/build/robotont_description/CMakeFiles/CMakeTmp'
Makefile:126: recipe for target 'cmTC_401cf/fast' failed
make: *** [cmTC_401cf/fast] Error 2


