[35m[1mScanning dependencies of target _robotont_msgs_generate_messages_check_deps_PowerSupply[0m
[  0%] Built target _robotont_msgs_generate_messages_check_deps_PowerSupply
[35m[1mScanning dependencies of target _robotont_msgs_generate_messages_check_deps_ColorRGB[0m
[  0%] Built target _robotont_msgs_generate_messages_check_deps_ColorRGB
[35m[1mScanning dependencies of target _robotont_msgs_generate_messages_check_deps_LedModulePixel[0m
[35m[1mScanning dependencies of target std_msgs_generate_messages_cpp[0m
[  0%] Built target std_msgs_generate_messages_cpp
[  0%] Built target _robotont_msgs_generate_messages_check_deps_LedModulePixel
[35m[1mScanning dependencies of target _robotont_msgs_generate_messages_check_deps_LaserScanSplit[0m
[  0%] Built target _robotont_msgs_generate_messages_check_deps_LaserScanSplit
[35m[1mScanning dependencies of target _robotont_msgs_generate_messages_check_deps_LedModuleSegment[0m
[  0%] Built target _robotont_msgs_generate_messages_check_deps_LedModuleSegment
[35m[1mScanning dependencies of target std_msgs_generate_messages_py[0m
[  0%] Built target std_msgs_generate_messages_py
[35m[1mScanning dependencies of target std_msgs_generate_messages_nodejs[0m
[  0%] Built target std_msgs_generate_messages_nodejs
[35m[1mScanning dependencies of target std_msgs_generate_messages_eus[0m
[  0%] Built target std_msgs_generate_messages_eus
[35m[1mScanning dependencies of target std_msgs_generate_messages_lisp[0m
[  0%] Built target std_msgs_generate_messages_lisp
[35m[1mScanning dependencies of target robotont_msgs_generate_messages_cpp[0m
[  3%] [34m[1mGenerating C++ code from robotont_msgs/PowerSupply.msg[0m
[  7%] [34m[1mGenerating C++ code from robotont_msgs/LedModuleSegment.msg[0m
[35m[1mScanning dependencies of target robotont_msgs_generate_messages_py[0m
[ 11%] [34m[1mGenerating C++ code from robotont_msgs/LaserScanSplit.msg[0m
[ 14%] [34m[1mGenerating Python from MSG robotont_msgs/PowerSupply[0m
[ 18%] [34m[1mGenerating Python from MSG robotont_msgs/LedModuleSegment[0m
[ 22%] [34m[1mGenerating C++ code from robotont_msgs/LedModulePixel.msg[0m
[ 25%] [34m[1mGenerating Python from MSG robotont_msgs/LaserScanSplit[0m
[ 29%] [34m[1mGenerating C++ code from robotont_msgs/ColorRGB.msg[0m
[ 33%] [34m[1mGenerating Python from MSG robotont_msgs/LedModulePixel[0m
[ 37%] [34m[1mGenerating Python from MSG robotont_msgs/ColorRGB[0m
[35m[1mScanning dependencies of target robotont_msgs_generate_messages_nodejs[0m
[ 40%] [34m[1mGenerating Javascript code from robotont_msgs/PowerSupply.msg[0m
[ 40%] Built target robotont_msgs_generate_messages_cpp
[35m[1mScanning dependencies of target robotont_msgs_generate_messages_eus[0m
[ 44%] [34m[1mGenerating Javascript code from robotont_msgs/LedModuleSegment.msg[0m
[ 48%] [34m[1mGenerating EusLisp code from robotont_msgs/PowerSupply.msg[0m
[35m[1mScanning dependencies of target robotont_msgs_generate_messages_lisp[0m
[ 51%] [34m[1mGenerating Lisp code from robotont_msgs/PowerSupply.msg[0m
[ 55%] [34m[1mGenerating Python msg __init__.py for robotont_msgs[0m
[ 59%] [34m[1mGenerating Javascript code from robotont_msgs/LaserScanSplit.msg[0m
[ 62%] [34m[1mGenerating EusLisp code from robotont_msgs/LedModuleSegment.msg[0m
[ 66%] [34m[1mGenerating Lisp code from robotont_msgs/LedModuleSegment.msg[0m
[ 70%] [34m[1mGenerating Javascript code from robotont_msgs/LedModulePixel.msg[0m
[ 74%] [34m[1mGenerating Lisp code from robotont_msgs/LaserScanSplit.msg[0m
[ 74%] Built target robotont_msgs_generate_messages_py
[ 77%] [34m[1mGenerating EusLisp code from robotont_msgs/LaserScanSplit.msg[0m
[ 81%] [34m[1mGenerating Javascript code from robotont_msgs/ColorRGB.msg[0m
[ 85%] [34m[1mGenerating Lisp code from robotont_msgs/LedModulePixel.msg[0m
[ 88%] [34m[1mGenerating EusLisp code from robotont_msgs/LedModulePixel.msg[0m
[ 88%] Built target robotont_msgs_generate_messages_nodejs
[ 92%] [34m[1mGenerating Lisp code from robotont_msgs/ColorRGB.msg[0m
[ 96%] [34m[1mGenerating EusLisp code from robotont_msgs/ColorRGB.msg[0m
[100%] [34m[1mGenerating EusLisp manifest code for robotont_msgs[0m
[100%] Built target robotont_msgs_generate_messages_lisp
[100%] Built target robotont_msgs_generate_messages_eus
[35m[1mScanning dependencies of target robotont_msgs_generate_messages[0m
[100%] Built target robotont_msgs_generate_messages
