Symlinking /home/kustu/catkin_ws/devel/share/gennodejs/ros/robotont_msgs/_index.js
Symlinking /home/kustu/catkin_ws/devel/share/gennodejs/ros/robotont_msgs/msg/LedModuleSegment.js
Symlinking /home/kustu/catkin_ws/devel/share/gennodejs/ros/robotont_msgs/msg/LedModulePixel.js
Symlinking /home/kustu/catkin_ws/devel/share/gennodejs/ros/robotont_msgs/msg/ColorRGB.js
Symlinking /home/kustu/catkin_ws/devel/share/gennodejs/ros/robotont_msgs/msg/LaserScanSplit.js
Symlinking /home/kustu/catkin_ws/devel/share/gennodejs/ros/robotont_msgs/msg/_index.js
Symlinking /home/kustu/catkin_ws/devel/share/gennodejs/ros/robotont_msgs/msg/PowerSupply.js
Symlinking /home/kustu/catkin_ws/devel/share/roseus/ros/robotont_msgs/manifest.l
Symlinking /home/kustu/catkin_ws/devel/share/roseus/ros/robotont_msgs/msg/ColorRGB.l
Symlinking /home/kustu/catkin_ws/devel/share/roseus/ros/robotont_msgs/msg/LedModuleSegment.l
Symlinking /home/kustu/catkin_ws/devel/share/roseus/ros/robotont_msgs/msg/LedModulePixel.l
Symlinking /home/kustu/catkin_ws/devel/share/roseus/ros/robotont_msgs/msg/LaserScanSplit.l
Symlinking /home/kustu/catkin_ws/devel/share/roseus/ros/robotont_msgs/msg/PowerSupply.l
Symlinking /home/kustu/catkin_ws/devel/share/common-lisp/ros/robotont_msgs/msg/_package_LedModulePixel.lisp
Symlinking /home/kustu/catkin_ws/devel/share/common-lisp/ros/robotont_msgs/msg/_package_LedModuleSegment.lisp
Symlinking /home/kustu/catkin_ws/devel/share/common-lisp/ros/robotont_msgs/msg/LedModuleSegment.lisp
Symlinking /home/kustu/catkin_ws/devel/share/common-lisp/ros/robotont_msgs/msg/PowerSupply.lisp
Symlinking /home/kustu/catkin_ws/devel/share/common-lisp/ros/robotont_msgs/msg/LedModulePixel.lisp
Symlinking /home/kustu/catkin_ws/devel/share/common-lisp/ros/robotont_msgs/msg/_package_PowerSupply.lisp
Symlinking /home/kustu/catkin_ws/devel/share/common-lisp/ros/robotont_msgs/msg/robotont_msgs-msg.asd
Symlinking /home/kustu/catkin_ws/devel/share/common-lisp/ros/robotont_msgs/msg/_package_LaserScanSplit.lisp
Symlinking /home/kustu/catkin_ws/devel/share/common-lisp/ros/robotont_msgs/msg/_package_ColorRGB.lisp
Symlinking /home/kustu/catkin_ws/devel/share/common-lisp/ros/robotont_msgs/msg/LaserScanSplit.lisp
Symlinking /home/kustu/catkin_ws/devel/share/common-lisp/ros/robotont_msgs/msg/ColorRGB.lisp
Symlinking /home/kustu/catkin_ws/devel/share/common-lisp/ros/robotont_msgs/msg/_package.lisp
Symlinking /home/kustu/catkin_ws/devel/share/robotont_msgs/cmake/robotont_msgsConfig.cmake
Symlinking /home/kustu/catkin_ws/devel/share/robotont_msgs/cmake/robotont_msgs-msg-extras.cmake
Symlinking /home/kustu/catkin_ws/devel/share/robotont_msgs/cmake/robotont_msgsConfig-version.cmake
Symlinking /home/kustu/catkin_ws/devel/share/robotont_msgs/cmake/robotont_msgs-msg-paths.cmake
Symlinking /home/kustu/catkin_ws/devel/lib/python2.7/dist-packages/robotont_msgs/__init__.py
Symlinking /home/kustu/catkin_ws/devel/lib/python2.7/dist-packages/robotont_msgs/msg/_LedModulePixel.py
Symlinking /home/kustu/catkin_ws/devel/lib/python2.7/dist-packages/robotont_msgs/msg/_LaserScanSplit.py
Symlinking /home/kustu/catkin_ws/devel/lib/python2.7/dist-packages/robotont_msgs/msg/_ColorRGB.py
Symlinking /home/kustu/catkin_ws/devel/lib/python2.7/dist-packages/robotont_msgs/msg/_PowerSupply.py
Symlinking /home/kustu/catkin_ws/devel/lib/python2.7/dist-packages/robotont_msgs/msg/_LedModuleSegment.py
Symlinking /home/kustu/catkin_ws/devel/lib/python2.7/dist-packages/robotont_msgs/msg/__init__.py
Symlinking /home/kustu/catkin_ws/devel/lib/pkgconfig/robotont_msgs.pc
Symlinking /home/kustu/catkin_ws/devel/include/robotont_msgs/LedModulePixel.h
Symlinking /home/kustu/catkin_ws/devel/include/robotont_msgs/PowerSupply.h
Symlinking /home/kustu/catkin_ws/devel/include/robotont_msgs/LaserScanSplit.h
Symlinking /home/kustu/catkin_ws/devel/include/robotont_msgs/LedModuleSegment.h
Symlinking /home/kustu/catkin_ws/devel/include/robotont_msgs/ColorRGB.h
